# JRE version: OpenJDK Runtime Environment (24.0.2+12) (build 24.0.2+12-54)
# Java VM: OpenJDK 64-Bit Server VM (24.0.2+12-54, mixed mode, sharing, tiered, compressed oops, compressed class ptrs, g1 gc, bsd-aarch64)
Heap:
 garbage-first heap   total reserved 4194304K, committed 264192K, used 160458K [0x0000000700000000, 0x0000000800000000)
  region size 2048K, 71 young (145408K), 1 survivors (2048K)
 Metaspace       used 11673K, committed 11904K, reserved 1114112K
  class space    used 996K, committed 1088K, reserved 1048576K
GC Heap History (20 events):
Event: 595.529 GC heap before
{Heap before GC invocations=33 (full 0):
 garbage-first heap   total reserved 4194304K, committed 264192K, used 168330K [0x0000000700000000, 0x0000000800000000)
  region size 2048K, 76 young (155648K), 3 survivors (6144K)
 Metaspace       used 11665K, committed 11904K, reserved 1114112K
  class space    used 996K, committed 1088K, reserved 1048576K
}
Event: 595.535 GC heap after
{Heap after GC invocations=34 (full 0):
 garbage-first heap   total reserved 4194304K, committed 264192K, used 19106K [0x0000000700000000, 0x0000000800000000)
  region size 2048K, 3 young (6144K), 3 survivors (6144K)
 Metaspace       used 11665K, committed 11904K, reserved 1114112K
  class space    used 996K, committed 1088K, reserved 1048576K
}
Event: 642.213 GC heap before
{Heap before GC invocations=34 (full 0):
 garbage-first heap   total reserved 4194304K, committed 264192K, used 168610K [0x0000000700000000, 0x0000000800000000)
  region size 2048K, 76 young (155648K), 3 survivors (6144K)
 Metaspace       used 11665K, committed 11904K, reserved 1114112K
  class space    used 996K, committed 1088K, reserved 1048576K
}
Event: 642.217 GC heap after
{Heap after GC invocations=35 (full 0):
 garbage-first heap   total reserved 4194304K, committed 264192K, used 19150K [0x0000000700000000, 0x0000000800000000)
  region size 2048K, 3 young (6144K), 3 survivors (6144K)
 Metaspace       used 11665K, committed 11904K, reserved 1114112K
  class space    used 996K, committed 1088K, reserved 1048576K
}
Event: 692.337 GC heap before
{Heap before GC invocations=35 (full 0):
 garbage-first heap   total reserved 4194304K, committed 264192K, used 168654K [0x0000000700000000, 0x0000000800000000)
  region size 2048K, 76 young (155648K), 3 survivors (6144K)
 Metaspace       used 11668K, committed 11904K, reserved 1114112K
  class space    used 996K, committed 1088K, reserved 1048576K
}
Event: 692.339 GC heap after
{Heap after GC invocations=36 (full 0):
 garbage-first heap   total reserved 4194304K, committed 264192K, used 18998K [0x0000000700000000, 0x0000000800000000)
  region size 2048K, 2 young (4096K), 2 survivors (4096K)
 Metaspace       used 11668K, committed 11904K, reserved 1114112K
  class space    used 996K, committed 1088K, reserved 1048576K
}
Event: 744.639 GC heap before
{Heap before GC invocations=36 (full 0):
 garbage-first heap   total reserved 4194304K, committed 264192K, used 170550K [0x0000000700000000, 0x0000000800000000)
  region size 2048K, 76 young (155648K), 2 survivors (4096K)
 Metaspace       used 11668K, committed 11904K, reserved 1114112K
  class space    used 996K, committed 1088K, reserved 1048576K
}
Event: 744.645 GC heap after
{Heap after GC invocations=37 (full 0):
 garbage-first heap   total reserved 4194304K, committed 264192K, used 19775K [0x0000000700000000, 0x0000000800000000)
  region size 2048K, 1 young (2048K), 1 survivors (2048K)
 Metaspace       used 11668K, committed 11904K, reserved 1114112K
  class space    used 996K, committed 1088K, reserved 1048576K
}
Event: 799.804 GC heap before
{Heap before GC invocations=37 (full 0):
 garbage-first heap   total reserved 4194304K, committed 264192K, used 173375K [0x0000000700000000, 0x0000000800000000)
  region size 2048K, 76 young (155648K), 1 survivors (2048K)
 Metaspace       used 11668K, committed 11904K, reserved 1114112K
  class space    used 996K, committed 1088K, reserved 1048576K
}
Event: 799.806 GC heap after
{Heap after GC invocations=38 (full 0):
 garbage-first heap   total reserved 4194304K, committed 264192K, used 19209K [0x0000000700000000, 0x0000000800000000)
  region size 2048K, 1 young (2048K), 1 survivors (2048K)
 Metaspace       used 11668K, committed 11904K, reserved 1114112K
  class space    used 996K, committed 1088K, reserved 1048576K
}
Event: 859.612 GC heap before
{Heap before GC invocations=38 (full 0):
 garbage-first heap   total reserved 4194304K, committed 264192K, used 172809K [0x0000000700000000, 0x0000000800000000)
  region size 2048K, 76 young (155648K), 1 survivors (2048K)
 Metaspace       used 11668K, committed 11904K, reserved 1114112K
  class space    used 996K, committed 1088K, reserved 1048576K
}
Event: 859.615 GC heap after
{Heap after GC invocations=39 (full 0):
 garbage-first heap   total reserved 4194304K, committed 264192K, used 19238K [0x0000000700000000, 0x0000000800000000)
  region size 2048K, 1 young (2048K), 1 survivors (2048K)
 Metaspace       used 11668K, committed 11904K, reserved 1114112K
  class space    used 996K, committed 1088K, reserved 1048576K
}
Event: 918.875 GC heap before
{Heap before GC invocations=39 (full 0):
 garbage-first heap   total reserved 4194304K, committed 264192K, used 172838K [0x0000000700000000, 0x0000000800000000)
  region size 2048K, 76 young (155648K), 1 survivors (2048K)
 Metaspace       used 11668K, committed 11904K, reserved 1114112K
  class space    used 996K, committed 1088K, reserved 1048576K
}
Event: 918.877 GC heap after
{Heap after GC invocations=40 (full 0):
 garbage-first heap   total reserved 4194304K, committed 264192K, used 19707K [0x0000000700000000, 0x0000000800000000)
  region size 2048K, 1 young (2048K), 1 survivors (2048K)
 Metaspace       used 11668K, committed 11904K, reserved 1114112K
  class space    used 996K, committed 1088K, reserved 1048576K
}
Event: 978.722 GC heap before
{Heap before GC invocations=40 (full 0):
 garbage-first heap   total reserved 4194304K, committed 264192K, used 173307K [0x0000000700000000, 0x0000000800000000)
  region size 2048K, 76 young (155648K), 1 survivors (2048K)
 Metaspace       used 11668K, committed 11904K, reserved 1114112K
  class space    used 996K, committed 1088K, reserved 1048576K
}
Event: 978.724 GC heap after
{Heap after GC invocations=41 (full 0):
 garbage-first heap   total reserved 4194304K, committed 264192K, used 19186K [0x0000000700000000, 0x0000000800000000)
  region size 2048K, 1 young (2048K), 1 survivors (2048K)
 Metaspace       used 11668K, committed 11904K, reserved 1114112K
  class space    used 996K, committed 1088K, reserved 1048576K
}
Event: 1031.846 GC heap before
{Heap before GC invocations=41 (full 0):
 garbage-first heap   total reserved 4194304K, committed 264192K, used 172786K [0x0000000700000000, 0x0000000800000000)
  region size 2048K, 76 young (155648K), 1 survivors (2048K)
 Metaspace       used 11672K, committed 11904K, reserved 1114112K
  class space    used 996K, committed 1088K, reserved 1048576K
}
Event: 1031.849 GC heap after
{Heap after GC invocations=42 (full 0):
 garbage-first heap   total reserved 4194304K, committed 264192K, used 19137K [0x0000000700000000, 0x0000000800000000)
  region size 2048K, 1 young (2048K), 1 survivors (2048K)
 Metaspace       used 11672K, committed 11904K, reserved 1114112K
  class space    used 996K, committed 1088K, reserved 1048576K
}
Event: 1091.448 GC heap before
{Heap before GC invocations=42 (full 0):
 garbage-first heap   total reserved 4194304K, committed 264192K, used 172737K [0x0000000700000000, 0x0000000800000000)
  region size 2048K, 76 young (155648K), 1 survivors (2048K)
 Metaspace       used 11672K, committed 11904K, reserved 1114112K
  class space    used 996K, committed 1088K, reserved 1048576K
}
Event: 1091.451 GC heap after
{Heap after GC invocations=43 (full 0):
 garbage-first heap   total reserved 4194304K, committed 264192K, used 19137K [0x0000000700000000, 0x0000000800000000)
  region size 2048K, 1 young (2048K), 1 survivors (2048K)
 Metaspace       used 11672K, committed 11904K, reserved 1114112K
  class space    used 996K, committed 1088K, reserved 1048576K
}

